<?xml version="1.0" encoding="UTF-8"?>
<!-- Generated by org.testng.reporters.JUnitReportReporter -->
<testsuite skipped="0" hostname="MV4Q1H2" name="restApi.POSTPincode" tests="1" failures="0" timestamp="2020-07-28T16:53:33 CDT" time="4.531" errors="0">
  <testcase name="postPincode" time="4.531" classname="restApi.POSTPincode"/>
  <system-out/>
</testsuite> <!-- restApi.POSTPincode -->
