<?xml version="1.0" encoding="UTF-8"?>
<!-- Generated by org.testng.reporters.JUnitXMLReporter -->
<testsuite hostname="MV4Q1H2" ignored="0" name="Test-2" tests="1" failures="0" timestamp="2020-07-28T16:53:33 CDT" time="1.567" errors="0">
  <testcase name="getMarketSummary" time="1.564" classname="restApi.GETMarketSummary"/>
</testsuite> <!-- Test-2 -->
